This is e-pTeX, Version 3.14159265-p3.5-130605-2.6 (utf8.euc) (TeX Live 2014/Arch Linux) (preloaded format=platex 2015.7.16)  19 SEP 2015 18:40
entering extended mode
 restricted \write18 enabled.
 %&-line parsing enabled.
**README.dvi
(./README.dvi
pLaTeX2e <2006/11/10> (based on LaTeX2e <2014/05/01> patch level 0)
Babel <3.9l> and hyphenation patterns for 79 languages loaded.

! LaTeX Error: Missing \begin{document}.

See the LaTeX manual or LaTeX Companion for explanation.
Type  H <return>  for immediate help.
 ...                                              
                                                  
l.1 ÷
      ^^B^^A^^c2^^83^^c2^^92^^c3^^80^^\;^^@^^@^^@^^@^^C^^c3^^a8^^[ TeX outpu...

? q
OK, entering \batchmode...
! Text line contains an invalid character.
l.1 ÷^^B
         ^^A^^c2^^83^^c2^^92^^c3^^80^^\;^^@^^@^^@^^@^^C^^c3^^a8^^[ TeX outpu...
A funny symbol that I can't read has just been input.
Continue, and I'll forget that it ever happened.

! Text line contains an invalid character.
l.1 ÷^^B^^A
            ^^c2^^83^^c2^^92^^c3^^80^^\;^^@^^@^^@^^@^^C^^c3^^a8^^[ TeX outpu...
A funny symbol that I can't read has just been input.
Continue, and I'll forget that it ever happened.

Missing character: There is no ^^c2 in font cmr10!
Missing character: There is no ^^83 in font cmr10!
Missing character: There is no ^^c2 in font cmr10!
Missing character: There is no ^^92 in font cmr10!
Missing character: There is no ^^c3 in font cmr10!
Missing character: There is no ^^80 in font cmr10!
! Text line contains an invalid character.
l.1 ÷^^B^^A^^c2^^83^^c2^^92^^c3^^80^^\
                                       ;^^@^^@^^@^^@^^C^^c3^^a8^^[ TeX outpu...
A funny symbol that I can't read has just been input.
Continue, and I'll forget that it ever happened.

! Text line contains an invalid character.
l.1 ÷^^B^^A^^c2^^83^^c2^^92^^c3^^80^^\;^^@
                                           ^^@^^@^^@^^C^^c3^^a8^^[ TeX outpu...
A funny symbol that I can't read has just been input.
Continue, and I'll forget that it ever happened.

! Text line contains an invalid character.
l.1 ÷^^B^^A^^c2^^83^^c2^^92^^c3^^80^^\;^^@^^@
                                              ^^@^^@^^C^^c3^^a8^^[ TeX outpu...
A funny symbol that I can't read has just been input.
Continue, and I'll forget that it ever happened.

! Text line contains an invalid character.
l.1 ÷^^B^^A^^c2^^83^^c2^^92^^c3^^80^^\;^^@^^@^^@
                                                 ^^@^^C^^c3^^a8^^[ TeX outpu...
A funny symbol that I can't read has just been input.
Continue, and I'll forget that it ever happened.

! Text line contains an invalid character.
l.1 ...^^A^^c2^^83^^c2^^92^^c3^^80^^\;^^@^^@^^@^^@
                                                  ^^C^^c3^^a8^^[ TeX output ...
A funny symbol that I can't read has just been input.
Continue, and I'll forget that it ever happened.

! Text line contains an invalid character.
l.1 ...^^c2^^83^^c2^^92^^c3^^80^^\;^^@^^@^^@^^@^^C
                                                  ^^c3^^a8^^[ TeX output 201...
A funny symbol that I can't read has just been input.
Continue, and I'll forget that it ever happened.

Missing character: There is no ^^c3 in font cmr10!
Missing character: There is no ^^a8 in font cmr10!
! Text line contains an invalid character.
l.1 ...2^^92^^c3^^80^^\;^^@^^@^^@^^@^^C^^c3^^a8^^[
                                                   TeX output 2015.09.19:173...
A funny symbol that I can't read has just been input.
Continue, and I'll forget that it ever happened.

Missing character: There is no ^^c2 in font cmr10!
Missing character: There is no ^^8b in font cmr10!
! Text line contains an invalid character.
l.1 ...a8^^[ TeX output 2015.09.19:1734^^c2^^8b^^@
                                                  ^^@^^@^^A^^@^^@^^@^^@^^@^^...
A funny symbol that I can't read has just been input.
Continue, and I'll forget that it ever happened.

! Text line contains an invalid character.
l.1 ...^[ TeX output 2015.09.19:1734^^c2^^8b^^@^^@
                                                  ^^@^^A^^@^^@^^@^^@^^@^^@^^...
A funny symbol that I can't read has just been input.
Continue, and I'll forget that it ever happened.

! Text line contains an invalid character.
l.1 ...TeX output 2015.09.19:1734^^c2^^8b^^@^^@^^@
                                                  ^^A^^@^^@^^@^^@^^@^^@^^@^^...
A funny symbol that I can't read has just been input.
Continue, and I'll forget that it ever happened.

! Text line contains an invalid character.
l.1 ... output 2015.09.19:1734^^c2^^8b^^@^^@^^@^^A
                                                  ^^@^^@^^@^^@^^@^^@^^@^^@^^...
A funny symbol that I can't read has just been input.
Continue, and I'll forget that it ever happened.

! Text line contains an invalid character.
l.1 ...tput 2015.09.19:1734^^c2^^8b^^@^^@^^@^^A^^@
                                                  ^^@^^@^^@^^@^^@^^@^^@^^@^^...
A funny symbol that I can't read has just been input.
Continue, and I'll forget that it ever happened.

! Text line contains an invalid character.
l.1 ...t 2015.09.19:1734^^c2^^8b^^@^^@^^@^^A^^@^^@
                                                  ^^@^^@^^@^^@^^@^^@^^@^^@^^...
A funny symbol that I can't read has just been input.
Continue, and I'll forget that it ever happened.

! Text line contains an invalid character.
l.1 ...015.09.19:1734^^c2^^8b^^@^^@^^@^^A^^@^^@^^@
                                                  ^^@^^@^^@^^@^^@^^@^^@^^@^^...
A funny symbol that I can't read has just been input.
Continue, and I'll forget that it ever happened.

! Text line contains an invalid character.
l.1 ....09.19:1734^^c2^^8b^^@^^@^^@^^A^^@^^@^^@^^@
                                                  ^^@^^@^^@^^@^^@^^@^^@^^@^^...
A funny symbol that I can't read has just been input.
Continue, and I'll forget that it ever happened.

! Text line contains an invalid character.
l.1 ....19:1734^^c2^^8b^^@^^@^^@^^A^^@^^@^^@^^@^^@
                                                  ^^@^^@^^@^^@^^@^^@^^@^^@^^...
A funny symbol that I can't read has just been input.
Continue, and I'll forget that it ever happened.

! Text line contains an invalid character.
l.1 ...:1734^^c2^^8b^^@^^@^^@^^A^^@^^@^^@^^@^^@^^@
                                                  ^^@^^@^^@^^@^^@^^@^^@^^@^^...
A funny symbol that I can't read has just been input.
Continue, and I'll forget that it ever happened.

! Text line contains an invalid character.
l.1 ...34^^c2^^8b^^@^^@^^@^^A^^@^^@^^@^^@^^@^^@^^@
                                                  ^^@^^@^^@^^@^^@^^@^^@^^@^^...
A funny symbol that I can't read has just been input.
Continue, and I'll forget that it ever happened.

! Text line contains an invalid character.
l.1 ...^c2^^8b^^@^^@^^@^^A^^@^^@^^@^^@^^@^^@^^@^^@
                                                  ^^@^^@^^@^^@^^@^^@^^@^^@^^...
A funny symbol that I can't read has just been input.
Continue, and I'll forget that it ever happened.

! Text line contains an invalid character.
l.1 ...^^8b^^@^^@^^@^^A^^@^^@^^@^^@^^@^^@^^@^^@^^@
                                                  ^^@^^@^^@^^@^^@^^@^^@^^@^^...
A funny symbol that I can't read has just been input.
Continue, and I'll forget that it ever happened.

! Text line contains an invalid character.
l.1 ...b^^@^^@^^@^^A^^@^^@^^@^^@^^@^^@^^@^^@^^@^^@
                                                  ^^@^^@^^@^^@^^@^^@^^@^^@^^...
A funny symbol that I can't read has just been input.
Continue, and I'll forget that it ever happened.

! Text line contains an invalid character.
l.1 ...@^^@^^@^^A^^@^^@^^@^^@^^@^^@^^@^^@^^@^^@^^@
                                                  ^^@^^@^^@^^@^^@^^@^^@^^@^^...
A funny symbol that I can't read has just been input.
Continue, and I'll forget that it ever happened.

! Text line contains an invalid character.
l.1 ...@^^@^^A^^@^^@^^@^^@^^@^^@^^@^^@^^@^^@^^@^^@
                                                  ^^@^^@^^@^^@^^@^^@^^@^^@^^...
A funny symbol that I can't read has just been input.
Continue, and I'll forget that it ever happened.

! Text line contains an invalid character.
l.1 ...@^^A^^@^^@^^@^^@^^@^^@^^@^^@^^@^^@^^@^^@^^@
                                                  ^^@^^@^^@^^@^^@^^@^^@^^@^^...
A funny symbol that I can't read has just been input.
Continue, and I'll forget that it ever happened.

! Text line contains an invalid character.
l.1 ...A^^@^^@^^@^^@^^@^^@^^@^^@^^@^^@^^@^^@^^@^^@
                                                  ^^@^^@^^@^^@^^@^^@^^@^^@^^...
A funny symbol that I can't read has just been input.
Continue, and I'll forget that it ever happened.

! Text line contains an invalid character.
l.1 ...@^^@^^@^^@^^@^^@^^@^^@^^@^^@^^@^^@^^@^^@^^@
                                                  ^^@^^@^^@^^@^^@^^@^^@^^@^^...
A funny symbol that I can't read has just been input.
Continue, and I'll forget that it ever happened.

! Text line contains an invalid character.
l.1 ...@^^@^^@^^@^^@^^@^^@^^@^^@^^@^^@^^@^^@^^@^^@
                                                  ^^@^^@^^@^^@^^@^^@^^@^^@^^...
A funny symbol that I can't read has just been input.
Continue, and I'll forget that it ever happened.

! Text line contains an invalid character.
l.1 ...@^^@^^@^^@^^@^^@^^@^^@^^@^^@^^@^^@^^@^^@^^@
                                                  ^^@^^@^^@^^@^^@^^@^^@^^@^^...
A funny symbol that I can't read has just been input.
Continue, and I'll forget that it ever happened.

! Text line contains an invalid character.
l.1 ...@^^@^^@^^@^^@^^@^^@^^@^^@^^@^^@^^@^^@^^@^^@
                                                  ^^@^^@^^@^^@^^@^^@^^@^^@^^...
A funny symbol that I can't read has just been input.
Continue, and I'll forget that it ever happened.

! Text line contains an invalid character.
l.1 ...@^^@^^@^^@^^@^^@^^@^^@^^@^^@^^@^^@^^@^^@^^@
                                                  ^^@^^@^^@^^@^^@^^@^^@^^@^^...
A funny symbol that I can't read has just been input.
Continue, and I'll forget that it ever happened.

! Text line contains an invalid character.
l.1 ...@^^@^^@^^@^^@^^@^^@^^@^^@^^@^^@^^@^^@^^@^^@
                                                  ^^@^^@^^@^^@^^@^^@^^@^^@^^...
A funny symbol that I can't read has just been input.
Continue, and I'll forget that it ever happened.

! Text line contains an invalid character.
l.1 ...@^^@^^@^^@^^@^^@^^@^^@^^@^^@^^@^^@^^@^^@^^@
                                                  ^^@^^@^^@^^@^^@^^@^^@^^@^^...
A funny symbol that I can't read has just been input.
Continue, and I'll forget that it ever happened.

! Text line contains an invalid character.
l.1 ...@^^@^^@^^@^^@^^@^^@^^@^^@^^@^^@^^@^^@^^@^^@
                                                  ^^@^^@^^@^^@^^@^^@^^@^^@^^...
A funny symbol that I can't read has just been input.
Continue, and I'll forget that it ever happened.

! Text line contains an invalid character.
l.1 ...@^^@^^@^^@^^@^^@^^@^^@^^@^^@^^@^^@^^@^^@^^@
                                                  ^^@^^@^^@^^@^^@^^@^^@^^@^^...
A funny symbol that I can't read has just been input.
Continue, and I'll forget that it ever happened.

! Text line contains an invalid character.
l.1 ...@^^@^^@^^@^^@^^@^^@^^@^^@^^@^^@^^@^^@^^@^^@
                                                  ^^@^^@^^@^^@^^@^^@^^@^^@^^...
A funny symbol that I can't read has just been input.
Continue, and I'll forget that it ever happened.

! Text line contains an invalid character.
l.1 ...@^^@^^@^^@^^@^^@^^@^^@^^@^^@^^@^^@^^@^^@^^@
                                                  ^^@^^@^^@^^@^^@^^@^^@^^@^^...
A funny symbol that I can't read has just been input.
Continue, and I'll forget that it ever happened.

! Text line contains an invalid character.
l.1 ...@^^@^^@^^@^^@^^@^^@^^@^^@^^@^^@^^@^^@^^@^^@
                                                  ^^@^^@^^@^^@^^@^^@^^@^^@^^...
A funny symbol that I can't read has just been input.
Continue, and I'll forget that it ever happened.

! Text line contains an invalid character.
l.1 ...@^^@^^@^^@^^@^^@^^@^^@^^@^^@^^@^^@^^@^^@^^@
                                                  ^^@^^@^^@^^@^^@^^@^^@^^@^^...
A funny symbol that I can't read has just been input.
Continue, and I'll forget that it ever happened.

! Text line contains an invalid character.
l.1 ...@^^@^^@^^@^^@^^@^^@^^@^^@^^@^^@^^@^^@^^@^^@
                                                  ^^@^^@^^@^^@^^@^^@^^@^^@^^...
A funny symbol that I can't read has just been input.
Continue, and I'll forget that it ever happened.

! Text line contains an invalid character.
l.1 ...@^^@^^@^^@^^@^^@^^@^^@^^@^^@^^@^^@^^@^^@^^@
                                                  ^^@^^@^^@^^@^^@^^@^^@^^c3^...
A funny symbol that I can't read has just been input.
Continue, and I'll forget that it ever happened.

! Text line contains an invalid character.
l.1 ...@^^@^^@^^@^^@^^@^^@^^@^^@^^@^^@^^@^^@^^@^^@
                                                  ^^@^^@^^@^^@^^@^^@^^c3^^bf...
A funny symbol that I can't read has just been input.
Continue, and I'll forget that it ever happened.

! Text line contains an invalid character.
l.1 ...@^^@^^@^^@^^@^^@^^@^^@^^@^^@^^@^^@^^@^^@^^@
                                                  ^^@^^@^^@^^@^^@^^c3^^bf^^c...
A funny symbol that I can't read has just been input.
Continue, and I'll forget that it ever happened.

! Text line contains an invalid character.
l.1 ...@^^@^^@^^@^^@^^@^^@^^@^^@^^@^^@^^@^^@^^@^^@
                                                  ^^@^^@^^@^^@^^c3^^bf^^c3^^...
A funny symbol that I can't read has just been input.
Continue, and I'll forget that it ever happened.

! Text line contains an invalid character.
l.1 ...@^^@^^@^^@^^@^^@^^@^^@^^@^^@^^@^^@^^@^^@^^@
                                                  ^^@^^@^^@^^c3^^bf^^c3^^bf^...
A funny symbol that I can't read has just been input.
Continue, and I'll forget that it ever happened.

! Text line contains an invalid character.
l.1 ...@^^@^^@^^@^^@^^@^^@^^@^^@^^@^^@^^@^^@^^@^^@
                                                  ^^@^^@^^c3^^bf^^c3^^bf^^c3...
A funny symbol that I can't read has just been input.
Continue, and I'll forget that it ever happened.

! Text line contains an invalid character.
l.1 ...@^^@^^@^^@^^@^^@^^@^^@^^@^^@^^@^^@^^@^^@^^@
                                                  ^^@^^c3^^bf^^c3^^bf^^c3^^b...
A funny symbol that I can't read has just been input.
Continue, and I'll forget that it ever happened.

! Text line contains an invalid character.
l.1 ...@^^@^^@^^@^^@^^@^^@^^@^^@^^@^^@^^@^^@^^@^^@
                                                  ^^c3^^bf^^c3^^bf^^c3^^bf^^...
A funny symbol that I can't read has just been input.
Continue, and I'll forget that it ever happened.

Missing character: There is no ^^c3 in font cmr10!
Missing character: There is no ^^bf in font cmr10!
Missing character: There is no ^^c3 in font cmr10!
Missing character: There is no ^^bf in font cmr10!
Missing character: There is no ^^c3 in font cmr10!
Missing character: There is no ^^bf in font cmr10!
Missing character: There is no ^^c3 in font cmr10!
Missing character: There is no ^^bf in font cmr10!
! Text line contains an invalid character.
l.1 ...^^@^^@^^c3^^bf^^c3^^bf^^c3^^bf^^c3^^bf￥^^C
                                                  ^^c3^^a8^^@^^@^^c2^^8d^^c2...
A funny symbol that I can't read has just been input.
Continue, and I'll forget that it ever happened.

Missing character: There is no ^^c3 in font cmr10!
Missing character: There is no ^^a8 in font cmr10!
! Text line contains an invalid character.
l.1 ...^bf^^c3^^bf^^c3^^bf^^c3^^bf￥^^C^^c3^^a8^^@
                                                  ^^@^^c2^^8d^^c2^^a0^^c3^^b...
A funny symbol that I can't read has just been input.
Continue, and I'll forget that it ever happened.

! Text line contains an invalid character.
l.1 ...^^c3^^bf^^c3^^bf^^c3^^bf￥^^C^^c3^^a8^^@^^@
                                                  ^^c2^^8d^^c2^^a0^^c3^^bc^^...
A funny symbol that I can't read has just been input.
Continue, and I'll forget that it ever happened.

Missing character: There is no ^^c2 in font cmr10!
Missing character: There is no ^^8d in font cmr10!
Missing character: There is no ^^c2 in font cmr10!
Missing character: There is no ^^a0 in font cmr10!
Missing character: There is no ^^c3 in font cmr10!
Missing character: There is no ^^bc in font cmr10!
! Text line contains an invalid character.
l.1 ...^C^^c3^^a8^^@^^@^^c2^^8d^^c2^^a0^^c3^^bc^^X
                                                  ^^@^^@^^c2^^a1^^c2^^8d^^c2...
A funny symbol that I can't read has just been input.
Continue, and I'll forget that it ever happened.

! Text line contains an invalid character.
l.1 ...^c3^^a8^^@^^@^^c2^^8d^^c2^^a0^^c3^^bc^^X^^@
                                                  ^^@^^c2^^a1^^c2^^8d^^c2^^a...
A funny symbol that I can't read has just been input.
Continue, and I'll forget that it ever happened.

! Text line contains an invalid character.
l.1 ...^^a8^^@^^@^^c2^^8d^^c2^^a0^^c3^^bc^^X^^@^^@
                                                  ^^c2^^a1^^c2^^8d^^c2^^a0^^...
A funny symbol that I can't read has just been input.
Continue, and I'll forget that it ever happened.

Missing character: There is no ^^c2 in font cmr10!
Missing character: There is no ^^a1 in font cmr10!
Missing character: There is no ^^c2 in font cmr10!
Missing character: There is no ^^8d in font cmr10!
Missing character: There is no ^^c2 in font cmr10!
Missing character: There is no ^^a0 in font cmr10!
Missing character: There is no ^^c3 in font cmr10!
Missing character: There is no ^^bc in font cmr10!
! Text line contains an invalid character.
l.1 ...X^^@^^@^^c2^^a1^^c2^^8d^^c2^^a0^^c3^^bc"^^@
                                                  ^^@^^c2^^8d^^c2^^91^^T^^@^...
A funny symbol that I can't read has just been input.
Continue, and I'll forget that it ever happened.

! Text line contains an invalid character.
l.1 ...@^^@^^c2^^a1^^c2^^8d^^c2^^a0^^c3^^bc"^^@^^@
                                                  ^^c2^^8d^^c2^^91^^T^^@^^@^...
A funny symbol that I can't read has just been input.
Continue, and I'll forget that it ever happened.

Missing character: There is no ^^c2 in font cmr10!
Missing character: There is no ^^8d in font cmr10!
Missing character: There is no ^^c2 in font cmr10!
Missing character: There is no ^^91 in font cmr10!
! Text line contains an invalid character.
l.1 ...d^^c2^^a0^^c3^^bc"^^@^^@^^c2^^8d^^c2^^91^^T
                                                  ^^@^^@^^c3^^b3^^GK^^c3^^b1...
A funny symbol that I can't read has just been input.
Continue, and I'll forget that it ever happened.

! Text line contains an invalid character.
l.1 ...c2^^a0^^c3^^bc"^^@^^@^^c2^^8d^^c2^^91^^T^^@
                                                  ^^@^^c3^^b3^^GK^^c3^^b1`y^^@
A funny symbol that I can't read has just been input.
Continue, and I'll forget that it ever happened.

! Text line contains an invalid character.
l.1 ...^a0^^c3^^bc"^^@^^@^^c2^^8d^^c2^^91^^T^^@^^@
                                                  ^^c3^^b3^^GK^^c3^^b1`y^^@
A funny symbol that I can't read has just been input.
Continue, and I'll forget that it ever happened.

Missing character: There is no ^^c3 in font cmr10!
Missing character: There is no ^^b3 in font cmr10!
! Text line contains an invalid character.
l.1 ..."^^@^^@^^c2^^8d^^c2^^91^^T^^@^^@^^c3^^b3^^G
                                                  K^^c3^^b1`y^^@
A funny symbol that I can't read has just been input.
Continue, and I'll forget that it ever happened.

Missing character: There is no ^^c3 in font cmr10!
Missing character: There is no ^^b1 in font cmr10!
! Text line contains an invalid character.
l.1 ...d^^c2^^91^^T^^@^^@^^c3^^b3^^GK^^c3^^b1`y^^@
                                                  
A funny symbol that I can't read has just been input.
Continue, and I'll forget that it ever happened.

! Text line contains an invalid character.
l.2 ^^@
       ^^@^^@
A funny symbol that I can't read has just been input.
Continue, and I'll forget that it ever happened.

! Text line contains an invalid character.
l.2 ^^@^^@
          ^^@
A funny symbol that I can't read has just been input.
Continue, and I'll forget that it ever happened.

! Text line contains an invalid character.
l.2 ^^@^^@^^@
             
A funny symbol that I can't read has just been input.
Continue, and I'll forget that it ever happened.


Overfull \hbox (20.0pt too wide) in paragraph at lines 1--2
[]
 []


Overfull \hbox (9.62216pt too wide) in paragraph at lines 1--2
\JY1/mc/m/n/10 ÷
 []


Overfull \hbox (2.77779pt too wide) in paragraph at lines 1--2
\OT1/cmr/m/n/10 ;
 []


Overfull \hbox (18.33334pt too wide) in paragraph at lines 1--2
\OT1/cmr/m/n/10 TeX
 []


Overfull \hbox (17.77782pt too wide) in paragraph at lines 1--2
\OT1/cmr/m/n/10 out-
 []


Overfull \hbox (15.00005pt too wide) in paragraph at lines 1--2
\OT1/cmr/m/n/10 put
 []


Overfull \hbox (68.33354pt too wide) in paragraph at lines 1--2
\OT1/cmr/m/n/10 2015.09.19:1734
 []


Overfull \hbox (9.62216pt too wide) in paragraph at lines 1--2
\JY1/mc/m/n/10 ￥
 []


Overfull \hbox (20.8334pt too wide) in paragraph at lines 1--2
\OT1/cmr/m/n/10 "K`y 
 []

! Text line contains an invalid character.
l.3 ^^@
       ^^@^^@^^Ecmr10^^c2^^b2;^^c2^^8e^^c2^^a4
A funny symbol that I can't read has just been input.
Continue, and I'll forget that it ever happened.

! Text line contains an invalid character.
l.3 ^^@^^@
          ^^@^^Ecmr10^^c2^^b2;^^c2^^8e^^c2^^a4
A funny symbol that I can't read has just been input.
Continue, and I'll forget that it ever happened.

! Text line contains an invalid character.
l.3 ^^@^^@^^@
             ^^Ecmr10^^c2^^b2;^^c2^^8e^^c2^^a4
A funny symbol that I can't read has just been input.
Continue, and I'll forget that it ever happened.

! Text line contains an invalid character.
l.3 ^^@^^@^^@^^E
                cmr10^^c2^^b2;^^c2^^8e^^c2^^a4
A funny symbol that I can't read has just been input.
Continue, and I'll forget that it ever happened.


! LaTeX Error: Missing \begin{document}.

See the LaTeX manual or LaTeX Companion for explanation.
Type  H <return>  for immediate help.
 ...                                              
                                                  
l.3 ^^@^^@^^@^^Ec
                 mr10^^c2^^b2;^^c2^^8e^^c2^^a4
You're in trouble here.  Try typing  <return>  to proceed.
If that doesn't work, type  X <return>  to quit.

Missing character: There is no ^^c2 in font cmr10!
Missing character: There is no ^^b2 in font cmr10!
Missing character: There is no ^^c2 in font cmr10!
Missing character: There is no ^^8e in font cmr10!
Missing character: There is no ^^c2 in font cmr10!
Missing character: There is no ^^a4 in font cmr10!
! Text line contains an invalid character.
l.4 ^^@
       ^^@^^c2^^8d^^c3^^b3^^O^^c3^^a9^^c2^^9f^^c3^^90^^c3^^b6^^@
A funny symbol that I can't read has just been input.
Continue, and I'll forget that it ever happened.

! Text line contains an invalid character.
l.4 ^^@^^@
          ^^c2^^8d^^c3^^b3^^O^^c3^^a9^^c2^^9f^^c3^^90^^c3^^b6^^@
A funny symbol that I can't read has just been input.
Continue, and I'll forget that it ever happened.

Missing character: There is no ^^c2 in font cmr10!
Missing character: There is no ^^8d in font cmr10!
Missing character: There is no ^^c3 in font cmr10!
Missing character: There is no ^^b3 in font cmr10!
! Text line contains an invalid character.
l.4 ^^@^^@^^c2^^8d^^c3^^b3^^O
                             ^^c3^^a9^^c2^^9f^^c3^^90^^c3^^b6^^@
A funny symbol that I can't read has just been input.
Continue, and I'll forget that it ever happened.

Missing character: There is no ^^c3 in font cmr10!
Missing character: There is no ^^a9 in font cmr10!
Missing character: There is no ^^c2 in font cmr10!
Missing character: There is no ^^9f in font cmr10!
Missing character: There is no ^^c3 in font cmr10!
Missing character: There is no ^^90 in font cmr10!
Missing character: There is no ^^c3 in font cmr10!
Missing character: There is no ^^b6 in font cmr10!
! Text line contains an invalid character.
l.4 ...3^^b3^^O^^c3^^a9^^c2^^9f^^c3^^90^^c3^^b6^^@
                                                  
A funny symbol that I can't read has just been input.
Continue, and I'll forget that it ever happened.

! Text line contains an invalid character.
l.5 ^^@
       ^^@^^@
A funny symbol that I can't read has just been input.
Continue, and I'll forget that it ever happened.

! Text line contains an invalid character.
l.5 ^^@^^@
          ^^@
A funny symbol that I can't read has just been input.
Continue, and I'll forget that it ever happened.

! Text line contains an invalid character.
l.5 ^^@^^@^^@
             
A funny symbol that I can't read has just been input.
Continue, and I'll forget that it ever happened.


Overfull \hbox (49.47229pt too wide) in paragraph at lines 3--5
[]\OT1/cmr/m/n/10 cmr10;
 []

! Text line contains an invalid character.
l.6 ^^@
       ^^@^^@^^Emin10^^c2^^ba^^c2^^81"/^^c2^^8e^^c2^^a1^^c2^^8d^^c2^^b2T^^c2...
A funny symbol that I can't read has just been input.
Continue, and I'll forget that it ever happened.

! Text line contains an invalid character.
l.6 ^^@^^@
          ^^@^^Emin10^^c2^^ba^^c2^^81"/^^c2^^8e^^c2^^a1^^c2^^8d^^c2^^b2T^^c2...
A funny symbol that I can't read has just been input.
Continue, and I'll forget that it ever happened.

! Text line contains an invalid character.
l.6 ^^@^^@^^@
             ^^Emin10^^c2^^ba^^c2^^81"/^^c2^^8e^^c2^^a1^^c2^^8d^^c2^^b2T^^c2...
A funny symbol that I can't read has just been input.
Continue, and I'll forget that it ever happened.

! Text line contains an invalid character.
l.6 ^^@^^@^^@^^E
                min10^^c2^^ba^^c2^^81"/^^c2^^8e^^c2^^a1^^c2^^8d^^c2^^b2T^^c2...
A funny symbol that I can't read has just been input.
Continue, and I'll forget that it ever happened.


! LaTeX Error: Missing \begin{document}.

See the LaTeX manual or LaTeX Companion for explanation.
Type  H <return>  for immediate help.
 ...                                              
                                                  
l.6 ^^@^^@^^@^^Em
                 in10^^c2^^ba^^c2^^81"/^^c2^^8e^^c2^^a1^^c2^^8d^^c2^^b2T^^c2...

You're in trouble here.  Try typing  <return>  to proceed.
If that doesn't work, type  X <return>  to quit.

Missing character: There is no ^^c2 in font cmr10!
Missing character: There is no ^^ba in font cmr10!
Missing character: There is no ^^c2 in font cmr10!
Missing character: There is no ^^81 in font cmr10!
Missing character: There is no ^^c2 in font cmr10!
Missing character: There is no ^^8e in font cmr10!
Missing character: There is no ^^c2 in font cmr10!
Missing character: There is no ^^a1 in font cmr10!
Missing character: There is no ^^c2 in font cmr10!
Missing character: There is no ^^8d in font cmr10!
Missing character: There is no ^^c2 in font cmr10!
Missing character: There is no ^^b2 in font cmr10!
Missing character: There is no ^^c2 in font cmr10!
Missing character: There is no ^^91 in font cmr10!
Missing character: There is no ^^c3 in font cmr10!
Missing character: There is no ^^bf in font cmr10!
Missing character: There is no ^^c2 in font cmr10!
Missing character: There is no ^^aa in font cmr10!
Missing character: There is no ^^c2 in font cmr10!
Missing character: There is no ^^8e in font cmr10!
Missing character: There is no ^^c2 in font cmr10!
Missing character: There is no ^^a1 in font cmr10!
Missing character: There is no ^^c2 in font cmr10!
Missing character: There is no ^^8d in font cmr10!
Missing character: There is no ^^c2 in font cmr10!
Missing character: There is no ^^8e in font cmr10!
Missing character: There is no ^^c2 in font cmr10!
Missing character: There is no ^^a1 in font cmr10!
Missing character: There is no ^^c2 in font cmr10!
Missing character: There is no ^^8d in font cmr10!
Missing character: There is no ^^c2 in font cmr10!
Missing character: There is no ^^8e in font cmr10!
Missing character: There is no ^^c2 in font cmr10!
Missing character: There is no ^^a1 in font cmr10!
Missing character: There is no ^^c2 in font cmr10!
Missing character: There is no ^^8d in font cmr10!
Missing character: There is no ^^c2 in font cmr10!
Missing character: There is no ^^8e in font cmr10!
Missing character: There is no ^^c2 in font cmr10!
Missing character: There is no ^^a1 in font cmr10!
Missing character: There is no ^^c2 in font cmr10!
Missing character: There is no ^^8d in font cmr10!
Missing character: There is no ^^c2 in font cmr10!
Missing character: There is no ^^ba in font cmr10!
Missing character: There is no ^^c2 in font cmr10!
Missing character: There is no ^^81 in font cmr10!
Missing character: There is no ^^c2 in font cmr10!
Missing character: There is no ^^8e in font cmr10!
Missing character: There is no ^^c2 in font cmr10!
Missing character: There is no ^^a1 in font cmr10!
Missing character: There is no ^^c2 in font cmr10!
Missing character: There is no ^^8d in font cmr10!
Missing character: There is no ^^c2 in font cmr10!
Missing character: There is no ^^b2 in font cmr10!
Missing character: There is no ^^c2 in font cmr10!
Missing character: There is no ^^8e in font cmr10!
Missing character: There is no ^^c2 in font cmr10!
Missing character: There is no ^^a1 in font cmr10!
Missing character: There is no ^^c2 in font cmr10!
Missing character: There is no ^^8d in font cmr10!
Missing character: There is no ^^c2 in font cmr10!
Missing character: There is no ^^ba in font cmr10!
Missing character: There is no ^^c2 in font cmr10!
Missing character: There is no ^^81 in font cmr10!
Missing character: There is no ^^c2 in font cmr10!
Missing character: There is no ^^8e in font cmr10!
Missing character: There is no ^^c2 in font cmr10!
Missing character: There is no ^^a1 in font cmr10!
Missing character: There is no ^^c2 in font cmr10!
Missing character: There is no ^^8d in font cmr10!
Missing character: There is no ^^c2 in font cmr10!
Missing character: There is no ^^81 in font cmr10!
Missing character: There is no ^^c2 in font cmr10!
Missing character: There is no ^^8e in font cmr10!
Missing character: There is no ^^c2 in font cmr10!
Missing character: There is no ^^a1 in font cmr10!
Missing character: There is no ^^c2 in font cmr10!
Missing character: There is no ^^8d in font cmr10!
Missing character: There is no ^^c2 in font cmr10!
Missing character: There is no ^^81 in font cmr10!
Missing character: There is no ^^c2 in font cmr10!
Missing character: There is no ^^8e in font cmr10!
Missing character: There is no ^^c2 in font cmr10!
Missing character: There is no ^^a1 in font cmr10!
Missing character: There is no ^^c2 in font cmr10!
Missing character: There is no ^^8d in font cmr10!
Missing character: There is no ^^c2 in font cmr10!
Missing character: There is no ^^b2 in font cmr10!
Missing character: There is no ^^c2 in font cmr10!
Missing character: There is no ^^8e in font cmr10!
Missing character: There is no ^^c2 in font cmr10!
Missing character: There is no ^^a1 in font cmr10!
Missing character: There is no ^^c2 in font cmr10!
Missing character: There is no ^^8d in font cmr10!
Missing character: There is no ^^c2 in font cmr10!
Missing character: There is no ^^ba in font cmr10!
Missing character: There is no ^^c2 in font cmr10!
Missing character: There is no ^^81 in font cmr10!
Missing character: There is no ^^c2 in font cmr10!
Missing character: There is no ^^8e in font cmr10!
Missing character: There is no ^^c2 in font cmr10!
Missing character: There is no ^^a1 in font cmr10!
Missing character: There is no ^^c2 in font cmr10!
Missing character: There is no ^^8d in font cmr10!
Missing character: There is no ^^c2 in font cmr10!
Missing character: There is no ^^b2 in font cmr10!
Missing character: There is no ^^c2 in font cmr10!
Missing character: There is no ^^8e in font cmr10!
Missing character: There is no ^^c2 in font cmr10!
Missing character: There is no ^^a1 in font cmr10!
Missing character: There is no ^^c2 in font cmr10!
Missing character: There is no ^^8d in font cmr10!
Missing character: There is no ^^c2 in font cmr10!
Missing character: There is no ^^ba in font cmr10!
Missing character: There is no ^^c2 in font cmr10!
Missing character: There is no ^^81 in font cmr10!
Missing character: There is no ^^c2 in font cmr10!
Missing character: There is no ^^8e in font cmr10!
Missing character: There is no ^^c2 in font cmr10!
Missing character: There is no ^^a1 in font cmr10!
Missing character: There is no ^^c2 in font cmr10!
Missing character: There is no ^^8d in font cmr10!
Missing character: There is no ^^c2 in font cmr10!
Missing character: There is no ^^b2 in font cmr10!
Missing character: There is no ^^c2 in font cmr10!
Missing character: There is no ^^8e in font cmr10!
Missing character: There is no ^^c2 in font cmr10!
Missing character: There is no ^^a1 in font cmr10!
Missing character: There is no ^^c2 in font cmr10!
Missing character: There is no ^^8d in font cmr10!
Missing character: There is no ^^c2 in font cmr10!
Missing character: There is no ^^ba in font cmr10!
Missing character: There is no ^^c2 in font cmr10!
Missing character: There is no ^^81 in font cmr10!
Missing character: There is no ^^c2 in font cmr10!
Missing character: There is no ^^8e in font cmr10!
Missing character: There is no ^^c2 in font cmr10!
Missing character: There is no ^^a1 in font cmr10!
Missing character: There is no ^^c2 in font cmr10!
Missing character: There is no ^^8d in font cmr10!
Missing character: There is no ^^c2 in font cmr10!
Missing character: There is no ^^b2 in font cmr10!
Missing character: There is no ^^c2 in font cmr10!
Missing character: There is no ^^8e in font cmr10!
Missing character: There is no ^^c2 in font cmr10!
Missing character: There is no ^^a1 in font cmr10!
Missing character: There is no ^^c2 in font cmr10!
Missing character: There is no ^^8d in font cmr10!
Missing character: There is no ^^c2 in font cmr10!
Missing character: There is no ^^ba in font cmr10!
Missing character: There is no ^^c2 in font cmr10!
Missing character: There is no ^^81 in font cmr10!
Missing character: There is no ^^c2 in font cmr10!
Missing character: There is no ^^8e in font cmr10!
Missing character: There is no ^^c2 in font cmr10!
Missing character: There is no ^^a1 in font cmr10!
Missing character: There is no ^^c2 in font cmr10!
Missing character: There is no ^^8d in font cmr10!
Missing character: There is no ^^c2 in font cmr10!
Missing character: There is no ^^81 in font cmr10!
Missing character: There is no ^^c2 in font cmr10!
Missing character: There is no ^^8e in font cmr10!
Missing character: There is no ^^c2 in font cmr10!
Missing character: There is no ^^a1 in font cmr10!
Missing character: There is no ^^c2 in font cmr10!
Missing character: There is no ^^8d in font cmr10!
Missing character: There is no ^^c2 in font cmr10!
Missing character: There is no ^^b2 in font cmr10!
Missing character: There is no ^^c2 in font cmr10!
Missing character: There is no ^^8e in font cmr10!
Missing character: There is no ^^c2 in font cmr10!
Missing character: There is no ^^a1 in font cmr10!
Missing character: There is no ^^c2 in font cmr10!
Missing character: There is no ^^8d in font cmr10!
Missing character: There is no ^^c2 in font cmr10!
Missing character: There is no ^^8e in font cmr10!
Missing character: There is no ^^c2 in font cmr10!
Missing character: There is no ^^a1 in font cmr10!
Missing character: There is no ^^c2 in font cmr10!
Missing character: There is no ^^8d in font cmr10!
Missing character: There is no ^^c2 in font cmr10!
Missing character: There is no ^^ba in font cmr10!
Missing character: There is no ^^c2 in font cmr10!
Missing character: There is no ^^81 in font cmr10!
Missing character: There is no ^^c2 in font cmr10!
Missing character: There is no ^^8e in font cmr10!
Missing character: There is no ^^c2 in font cmr10!
Missing character: There is no ^^a1 in font cmr10!
Missing character: There is no ^^c2 in font cmr10!
Missing character: There is no ^^8d in font cmr10!
Missing character: There is no ^^c2 in font cmr10!
Missing character: There is no ^^b2 in font cmr10!
Missing character: There is no ^^c2 in font cmr10!
Missing character: There is no ^^8e in font cmr10!
Missing character: There is no ^^c2 in font cmr10!
Missing character: There is no ^^a1 in font cmr10!
Missing character: There is no ^^c2 in font cmr10!
Missing character: There is no ^^8d in font cmr10!
Missing character: There is no ^^c2 in font cmr10!
Missing character: There is no ^^ba in font cmr10!
Missing character: There is no ^^c2 in font cmr10!
Missing character: There is no ^^81 in font cmr10!
Missing character: There is no ^^c2 in font cmr10!
Missing character: There is no ^^b2 in font cmr10!
Missing character: There is no ^^c2 in font cmr10!
Missing character: There is no ^^8e in font cmr10!
Missing character: There is no ^^c2 in font cmr10!
Missing character: There is no ^^a1 in font cmr10!
Missing character: There is no ^^c2 in font cmr10!
Missing character: There is no ^^8d in font cmr10!
Missing character: There is no ^^c2 in font cmr10!
Missing character: There is no ^^ba in font cmr10!
Missing character: There is no ^^c2 in font cmr10!
Missing character: There is no ^^81 in font cmr10!
Missing character: There is no ^^c2 in font cmr10!
Missing character: There is no ^^8e in font cmr10!
Missing character: There is no ^^c2 in font cmr10!
Missing character: There is no ^^a1 in font cmr10!
Missing character: There is no ^^c2 in font cmr10!
Missing character: There is no ^^8d in font cmr10!
Missing character: There is no ^^c2 in font cmr10!
Missing character: There is no ^^b2 in font cmr10!
Missing character: There is no ^^c2 in font cmr10!
Missing character: There is no ^^8e in font cmr10!
Missing character: There is no ^^c2 in font cmr10!
Missing character: There is no ^^a9 in font cmr10!
! Text line contains an invalid character.
l.6 ...2^^a1^^c2^^8d^^c2^^b2)XQ^^c2^^8e^^c2^^a9^^K
                                                  c^^c2^^a0^^c2^^8d^^c2^^91^...
A funny symbol that I can't read has just been input.
Continue, and I'll forget that it ever happened.

Missing character: There is no ^^c2 in font cmr10!
Missing character: There is no ^^a0 in font cmr10!
Missing character: There is no ^^c2 in font cmr10!
Missing character: There is no ^^8d in font cmr10!
Missing character: There is no ^^c2 in font cmr10!
Missing character: There is no ^^91 in font cmr10!
! Text line contains an invalid character.
l.6 ...^^8e^^c2^^a9^^Kc^^c2^^a0^^c2^^8d^^c2^^91^^T
                                                  ^^@^^@cmr12^^c2^^8e^^c2^^a...
A funny symbol that I can't read has just been input.
Continue, and I'll forget that it ever happened.

! Text line contains an invalid character.
l.6 ...e^^c2^^a9^^Kc^^c2^^a0^^c2^^8d^^c2^^91^^T^^@
                                                  ^^@cmr12^^c2^^8e^^c2^^a1^^...
A funny symbol that I can't read has just been input.
Continue, and I'll forget that it ever happened.

! Text line contains an invalid character.
l.6 ...c2^^a9^^Kc^^c2^^a0^^c2^^8d^^c2^^91^^T^^@^^@
                                                  cmr12^^c2^^8e^^c2^^a1^^c2^...
A funny symbol that I can't read has just been input.
Continue, and I'll forget that it ever happened.

Missing character: There is no ^^c2 in font cmr10!
Missing character: There is no ^^8e in font cmr10!
Missing character: There is no ^^c2 in font cmr10!
Missing character: There is no ^^a1 in font cmr10!
Missing character: There is no ^^c2 in font cmr10!
Missing character: There is no ^^8d in font cmr10!
Missing character: There is no ^^c2 in font cmr10!
Missing character: There is no ^^ba in font cmr10!
Missing character: There is no ^^c2 in font cmr10!
Missing character: There is no ^^81 in font cmr10!
Missing character: There is no ^^c2 in font cmr10!
Missing character: There is no ^^8e in font cmr10!
Missing character: There is no ^^c2 in font cmr10!
Missing character: There is no ^^a1 in font cmr10!
Missing character: There is no ^^c2 in font cmr10!
Missing character: There is no ^^8d in font cmr10!
Missing character: There is no ^^c2 in font cmr10!
Missing character: There is no ^^b2 in font cmr10!
Missing character: There is no ^^c2 in font cmr10!
Missing character: There is no ^^8e in font cmr10!
Missing character: There is no ^^c2 in font cmr10!
Missing character: There is no ^^a1 in font cmr10!
Missing character: There is no ^^c2 in font cmr10!
Missing character: There is no ^^8d in font cmr10!
Missing character: There is no ^^c2 in font cmr10!
Missing character: There is no ^^ba in font cmr10!
Missing character: There is no ^^c2 in font cmr10!
Missing character: There is no ^^81 in font cmr10!
Missing character: There is no ^^c2 in font cmr10!
Missing character: There is no ^^8e in font cmr10!
Missing character: There is no ^^c2 in font cmr10!
Missing character: There is no ^^a1 in font cmr10!
Missing character: There is no ^^c2 in font cmr10!
Missing character: There is no ^^8d in font cmr10!
Missing character: There is no ^^c2 in font cmr10!
Missing character: There is no ^^b2 in font cmr10!
Missing character: There is no ^^c2 in font cmr10!
Missing character: There is no ^^8e in font cmr10!
Missing character: There is no ^^c2 in font cmr10!
Missing character: There is no ^^a1 in font cmr10!
Missing character: There is no ^^c2 in font cmr10!
Missing character: There is no ^^8d in font cmr10!
Missing character: There is no ^^c2 in font cmr10!
Missing character: There is no ^^8e in font cmr10!
Missing character: There is no ^^c2 in font cmr10!
Missing character: There is no ^^9f in font cmr10!
Missing character: There is no ^^c2 in font cmr10!
Missing character: There is no ^^a0 in font cmr10!
Missing character: There is no ^^c2 in font cmr10!
Missing character: There is no ^^8d in font cmr10!
Missing character: There is no ^^c2 in font cmr10!
Missing character: There is no ^^ba in font cmr10!
Missing character: There is no ^^c2 in font cmr10!
Missing character: There is no ^^81 in font cmr10!
Missing character: There is no ^^c2 in font cmr10!
Missing character: There is no ^^8e in font cmr10!
Missing character: There is no ^^c2 in font cmr10!
Missing character: There is no ^^a1 in font cmr10!
Missing character: There is no ^^c2 in font cmr10!
Missing character: There is no ^^8d in font cmr10!
Missing character: There is no ^^c2 in font cmr10!
Missing character: There is no ^^b2 in font cmr10!
Missing character: There is no ^^c2 in font cmr10!
Missing character: There is no ^^8e in font cmr10!
Missing character: There is no ^^c2 in font cmr10!
Missing character: There is no ^^a1 in font cmr10!
Missing character: There is no ^^c2 in font cmr10!
Missing character: There is no ^^8d in font cmr10!
Missing character: There is no ^^c2 in font cmr10!
Missing character: There is no ^^ba in font cmr10!
Missing character: There is no ^^c2 in font cmr10!
Missing character: There is no ^^81 in font cmr10!
Missing character: There is no ^^c2 in font cmr10!
Missing character: There is no ^^8e in font cmr10!
Missing character: There is no ^^c2 in font cmr10!
Missing character: There is no ^^a1 in font cmr10!
Missing character: There is no ^^c2 in font cmr10!
Missing character: There is no ^^8d in font cmr10!
Missing character: There is no ^^c2 in font cmr10!
Missing character: There is no ^^b2 in font cmr10!
Missing character: There is no ^^c2 in font cmr10!
Missing character: There is no ^^8e in font cmr10!
Missing character: There is no ^^c2 in font cmr10!
Missing character: There is no ^^a1 in font cmr10!
Missing character: There is no ^^c2 in font cmr10!
Missing character: There is no ^^8d in font cmr10!
Missing character: There is no ^^c2 in font cmr10!
Missing character: There is no ^^ba in font cmr10!
Missing character: There is no ^^c2 in font cmr10!
Missing character: There is no ^^81 in font cmr10!
Missing character: There is no ^^c2 in font cmr10!
Missing character: There is no ^^8e in font cmr10!
Missing character: There is no ^^c2 in font cmr10!
Missing character: There is no ^^a1 in font cmr10!
Missing character: There is no ^^c2 in font cmr10!
Missing character: There is no ^^8d in font cmr10!
Missing character: There is no ^^c2 in font cmr10!
Missing character: There is no ^^81 in font cmr10!
Missing character: There is no ^^c2 in font cmr10!
Missing character: There is no ^^8e in font cmr10!
Missing character: There is no ^^c2 in font cmr10!
Missing character: There is no ^^a1 in font cmr10!
Missing character: There is no ^^c2 in font cmr10!
Missing character: There is no ^^8d in font cmr10!
Missing character: There is no ^^c2 in font cmr10!
Missing character: There is no ^^b2 in font cmr10!
Missing character: There is no ^^c2 in font cmr10!
Missing character: There is no ^^8e in font cmr10!
Missing character: There is no ^^c2 in font cmr10!
Missing character: There is no ^^a1 in font cmr10!
Missing character: There is no ^^c2 in font cmr10!
Missing character: There is no ^^8d in font cmr10!
Missing character: There is no ^^c2 in font cmr10!
Missing character: There is no ^^ba in font cmr10!
Missing character: There is no ^^c2 in font cmr10!
Missing character: There is no ^^81 in font cmr10!
Missing character: There is no ^^c2 in font cmr10!
Missing character: There is no ^^8e in font cmr10!
Missing character: There is no ^^c2 in font cmr10!
Missing character: There is no ^^a1 in font cmr10!
Missing character: There is no ^^c2 in font cmr10!
Missing character: There is no ^^8d in font cmr10!
Missing character: There is no ^^c2 in font cmr10!
Missing character: There is no ^^b2 in font cmr10!
! Text line contains an invalid character.
l.7 ...^^81"/^^c2^^8e^^c2^^a1^^c2^^8d^^c2^^b2R6^^K
                                                  ^^c2^^8e^^c2^^a6^^c2^^8d^^...
A funny symbol that I can't read has just been input.
Continue, and I'll forget that it ever happened.

Missing character: There is no ^^c2 in font cmr10!
Missing character: There is no ^^8e in font cmr10!
Missing character: There is no ^^c2 in font cmr10!
Missing character: There is no ^^a6 in font cmr10!
Missing character: There is no ^^c2 in font cmr10!
Missing character: There is no ^^8d in font cmr10!
Missing character: There is no ^^c2 in font cmr10!
Missing character: There is no ^^91 in font cmr10!
! Text line contains an invalid character.
l.7 ...^b2R6^^K^^c2^^8e^^c2^^a6^^c2^^8d^^c2^^91^^T
                                                  ^^@^^@cmss12^^c2^^8e^^c2^^...
A funny symbol that I can't read has just been input.
Continue, and I'll forget that it ever happened.

! Text line contains an invalid character.
l.7 ...R6^^K^^c2^^8e^^c2^^a6^^c2^^8d^^c2^^91^^T^^@
                                                  ^^@cmss12^^c2^^8e^^c2^^a1^...
A funny symbol that I can't read has just been input.
Continue, and I'll forget that it ever happened.

! Text line contains an invalid character.
l.7 ...^K^^c2^^8e^^c2^^a6^^c2^^8d^^c2^^91^^T^^@^^@
                                                  cmss12^^c2^^8e^^c2^^a1^^c2...
A funny symbol that I can't read has just been input.
Continue, and I'll forget that it ever happened.

Missing character: There is no ^^c2 in font cmr10!
Missing character: There is no ^^8e in font cmr10!
Missing character: There is no ^^c2 in font cmr10!
Missing character: There is no ^^a1 in font cmr10!
Missing character: There is no ^^c2 in font cmr10!
Missing character: There is no ^^8d in font cmr10!
Missing character: There is no ^^c2 in font cmr10!
Missing character: There is no ^^ba in font cmr10!
Missing character: There is no ^^c2 in font cmr10!
Missing character: There is no ^^81 in font cmr10!
Missing character: There is no ^^c2 in font cmr10!
Missing character: There is no ^^8e in font cmr10!
Missing character: There is no ^^c2 in font cmr10!
Missing character: There is no ^^a1 in font cmr10!
Missing character: There is no ^^c2 in font cmr10!
Missing character: There is no ^^8d in font cmr10!
Missing character: There is no ^^c2 in font cmr10!
Missing character: There is no ^^b2 in font cmr10!
Missing character: There is no ^^c2 in font cmr10!
Missing character: There is no ^^8e in font cmr10!
Missing character: There is no ^^c2 in font cmr10!
Missing character: There is no ^^a1 in font cmr10!
Missing character: There is no ^^c2 in font cmr10!
Missing character: There is no ^^8d in font cmr10!
Missing character: There is no ^^c2 in font cmr10!
Missing character: There is no ^^ba in font cmr10!
Missing character: There is no ^^c2 in font cmr10!
Missing character: There is no ^^81 in font cmr10!
Missing character: There is no ^^c2 in font cmr10!
Missing character: There is no ^^8e in font cmr10!
Missing character: There is no ^^c2 in font cmr10!
Missing character: There is no ^^a1 in font cmr10!
Missing character: There is no ^^c2 in font cmr10!
Missing character: There is no ^^8d in font cmr10!
Missing character: There is no ^^c2 in font cmr10!
Missing character: There is no ^^81 in font cmr10!
Missing character: There is no ^^c2 in font cmr10!
Missing character: There is no ^^8e in font cmr10!
Missing character: There is no ^^c2 in font cmr10!
Missing character: There is no ^^a1 in font cmr10!
Missing character: There is no ^^c2 in font cmr10!
Missing character: There is no ^^8d in font cmr10!
Missing character: There is no ^^c2 in font cmr10!
Missing character: There is no ^^b2 in font cmr10!
Missing character: There is no ^^c2 in font cmr10!
Missing character: There is no ^^8e in font cmr10!
Missing character: There is no ^^c2 in font cmr10!
Missing character: There is no ^^a1 in font cmr10!
Missing character: There is no ^^c2 in font cmr10!
Missing character: There is no ^^8d in font cmr10!
Missing character: There is no ^^c2 in font cmr10!
Missing character: There is no ^^8e in font cmr10!
Missing character: There is no ^^c2 in font cmr10!
Missing character: There is no ^^a1 in font cmr10!
Missing character: There is no ^^c2 in font cmr10!
Missing character: There is no ^^8d in font cmr10!
Missing character: There is no ^^c2 in font cmr10!
Missing character: There is no ^^ba in font cmr10!
Missing character: There is no ^^c2 in font cmr10!
Missing character: There is no ^^81 in font cmr10!
Missing character: There is no ^^c2 in font cmr10!
Missing character: There is no ^^b2 in font cmr10!
Missing character: There is no ^^c2 in font cmr10!
Missing character: There is no ^^91 in font cmr10!
! Text line contains an invalid character.
l.7 ...^^8d^^c2^^ba^^c2^^81"/^^c2^^b2:;^^c2^^91^^A
                                                  ^^c2^^aa¨k^^c2^^8e^^c2^^a...
A funny symbol that I can't read has just been input.
Continue, and I'll forget that it ever happened.

Missing character: There is no ^^c2 in font cmr10!
Missing character: There is no ^^aa in font cmr10!
Missing character: There is no ^^c2 in font cmr10!
Missing character: There is no ^^8e in font cmr10!
Missing character: There is no ^^c2 in font cmr10!
Missing character: There is no ^^a1 in font cmr10!
Missing character: There is no ^^c2 in font cmr10!
Missing character: There is no ^^8d in font cmr10!
Missing character: There is no ^^c2 in font cmr10!
Missing character: There is no ^^ba in font cmr10!
Missing character: There is no ^^c2 in font cmr10!
Missing character: There is no ^^81 in font cmr10!
Missing character: There is no ^^c2 in font cmr10!
Missing character: There is no ^^b2 in font cmr10!
Missing character: There is no ^^c2 in font cmr10!
Missing character: There is no ^^8e in font cmr10!
Missing character: There is no ^^c2 in font cmr10!
Missing character: There is no ^^a6 in font cmr10!
Missing character: There is no ^^c2 in font cmr10!
Missing character: There is no ^^8d in font cmr10!
Missing character: There is no ^^c2 in font cmr10!
Missing character: There is no ^^91 in font cmr10!
! Text line contains an invalid character.
l.7 ...2^^b2!",^^c2^^8e^^c2^^a6^^c2^^8d^^c2^^91^^T
                                                  ^^@^^@cmsy10^^c2^^8e^^c2^^...
A funny symbol that I can't read has just been input.
Continue, and I'll forget that it ever happened.

! Text line contains an invalid character.
l.7 ...b2!",^^c2^^8e^^c2^^a6^^c2^^8d^^c2^^91^^T^^@
                                                  ^^@cmsy10^^c2^^8e^^c2^^a1^...
A funny symbol that I can't read has just been input.
Continue, and I'll forget that it ever happened.

! Text line contains an invalid character.
l.7 ...",^^c2^^8e^^c2^^a6^^c2^^8d^^c2^^91^^T^^@^^@
                                                  cmsy10^^c2^^8e^^c2^^a1^^c2...
A funny symbol that I can't read has just been input.
Continue, and I'll forget that it ever happened.

Missing character: There is no ^^c2 in font cmr10!
Missing character: There is no ^^8e in font cmr10!
Missing character: There is no ^^c2 in font cmr10!
Missing character: There is no ^^a1 in font cmr10!
Missing character: There is no ^^c2 in font cmr10!
Missing character: There is no ^^8d in font cmr10!
Missing character: There is no ^^c2 in font cmr10!
Missing character: There is no ^^8e in font cmr10!
Missing character: There is no ^^c2 in font cmr10!
Missing character: There is no ^^a1 in font cmr10!
Missing character: There is no ^^c2 in font cmr10!
Missing character: There is no ^^8d in font cmr10!
Missing character: There is no ^^c2 in font cmr10!
Missing character: There is no ^^8e in font cmr10!
Missing character: There is no ^^c2 in font cmr10!
Missing character: There is no ^^a1 in font cmr10!
Missing character: There is no ^^c2 in font cmr10!
Missing character: There is no ^^8d in font cmr10!
Missing character: There is no ^^c2 in font cmr10!
Missing character: There is no ^^8e in font cmr10!
Missing character: There is no ^^c2 in font cmr10!
Missing character: There is no ^^a1 in font cmr10!
Missing character: There is no ^^c2 in font cmr10!
Missing character: There is no ^^8d in font cmr10!
Missing character: There is no ^^c2 in font cmr10!
Missing character: There is no ^^8e in font cmr10!
Missing character: There is no ^^c2 in font cmr10!
Missing character: There is no ^^a1 in font cmr10!
Missing character: There is no ^^c2 in font cmr10!
Missing character: There is no ^^8d in font cmr10!
Missing character: There is no ^^c2 in font cmr10!
Missing character: There is no ^^8e in font cmr10!
Missing character: There is no ^^c2 in font cmr10!
Missing character: There is no ^^a1 in font cmr10!
Missing character: There is no ^^c2 in font cmr10!
Missing character: There is no ^^8d in font cmr10!
Missing character: There is no ^^c2 in font cmr10!
Missing character: There is no ^^8e in font cmr10!
Missing character: There is no ^^c2 in font cmr10!
Missing character: There is no ^^a1 in font cmr10!
Missing character: There is no ^^c2 in font cmr10!
Missing character: There is no ^^8d in font cmr10!
Missing character: There is no ^^c2 in font cmr10!
Missing character: There is no ^^ba in font cmr10!
Missing character: There is no ^^c2 in font cmr10!
Missing character: There is no ^^81 in font cmr10!
Missing character: There is no ^^c2 in font cmr10!
Missing character: There is no ^^8e in font cmr10!
Missing character: There is no ^^c2 in font cmr10!
Missing character: There is no ^^a1 in font cmr10!
Missing character: There is no ^^c2 in font cmr10!
Missing character: There is no ^^8d in font cmr10!
Missing character: There is no ^^c2 in font cmr10!
Missing character: There is no ^^81 in font cmr10!
Missing character: There is no ^^c2 in font cmr10!
Missing character: There is no ^^8e in font cmr10!
Missing character: There is no ^^c2 in font cmr10!
Missing character: There is no ^^a1 in font cmr10!
Missing character: There is no ^^c2 in font cmr10!
Missing character: There is no ^^8d in font cmr10!
Missing character: There is no ^^c2 in font cmr10!
Missing character: There is no ^^81 in font cmr10!
Missing character: There is no ^^c2 in font cmr10!
Missing character: There is no ^^8e in font cmr10!
Missing character: There is no ^^c2 in font cmr10!
Missing character: There is no ^^a1 in font cmr10!
Missing character: There is no ^^c2 in font cmr10!
Missing character: There is no ^^8d in font cmr10!
Missing character: There is no ^^c2 in font cmr10!
Missing character: There is no ^^b2 in font cmr10!
Missing character: There is no ^^c2 in font cmr10!
Missing character: There is no ^^8e in font cmr10!
Missing character: There is no ^^c2 in font cmr10!
Missing character: There is no ^^a1 in font cmr10!
Missing character: There is no ^^c2 in font cmr10!
Missing character: There is no ^^8d in font cmr10!
Missing character: There is no ^^c2 in font cmr10!
Missing character: There is no ^^ba in font cmr10!
Missing character: There is no ^^c2 in font cmr10!
Missing character: There is no ^^81 in font cmr10!
Missing character: There is no ^^c2 in font cmr10!
Missing character: There is no ^^8e in font cmr10!
Missing character: There is no ^^c2 in font cmr10!
Missing character: There is no ^^a1 in font cmr10!
Missing character: There is no ^^c2 in font cmr10!
Missing character: There is no ^^8d in font cmr10!
Missing character: There is no ^^c2 in font cmr10!
Missing character: There is no ^^b2 in font cmr10!
Missing character: There is no ^^c2 in font cmr10!
Missing character: There is no ^^8e in font cmr10!
Missing character: There is no ^^c2 in font cmr10!
Missing character: There is no ^^a6 in font cmr10!
Missing character: There is no ^^c2 in font cmr10!
Missing character: There is no ^^8d in font cmr10!
Missing character: There is no ^^c2 in font cmr10!
Missing character: There is no ^^91 in font cmr10!
! Text line contains an invalid character.
l.7 ...c2^^b2`y^^c2^^8e^^c2^^a6^^c2^^8d^^c2^^91^^T
                                                  ^^@^^@cmr101*;^^c2^^8e^^c2...
A funny symbol that I can't read has just been input.
Continue, and I'll forget that it ever happened.

! Text line contains an invalid character.
l.7 ...^b2`y^^c2^^8e^^c2^^a6^^c2^^8d^^c2^^91^^T^^@
                                                  ^^@cmr101*;^^c2^^8e^^c2^^a...
A funny symbol that I can't read has just been input.
Continue, and I'll forget that it ever happened.

! Text line contains an invalid character.
l.7 ...`y^^c2^^8e^^c2^^a6^^c2^^8d^^c2^^91^^T^^@^^@
                                                  cmr101*;^^c2^^8e^^c2^^a1^^...
A funny symbol that I can't read has just been input.
Continue, and I'll forget that it ever happened.

Missing character: There is no ^^c2 in font cmr10!
Missing character: There is no ^^8e in font cmr10!
Missing character: There is no ^^c2 in font cmr10!
Missing character: There is no ^^a1 in font cmr10!
Missing character: There is no ^^c2 in font cmr10!
Missing character: There is no ^^8d in font cmr10!
Missing character: There is no ^^c2 in font cmr10!
Missing character: There is no ^^ba in font cmr10!
Missing character: There is no ^^c2 in font cmr10!
Missing character: There is no ^^81 in font cmr10!
Missing character: There is no ^^c2 in font cmr10!
Missing character: There is no ^^8e in font cmr10!
Missing character: There is no ^^c2 in font cmr10!
Missing character: There is no ^^a1 in font cmr10!
Missing character: There is no ^^c2 in font cmr10!
Missing character: There is no ^^8d in font cmr10!
Missing character: There is no ^^c2 in font cmr10!
Missing character: There is no ^^81 in font cmr10!
Missing character: There is no ^^c2 in font cmr10!
Missing character: There is no ^^8e in font cmr10!
Missing character: There is no ^^c2 in font cmr10!
Missing character: There is no ^^a1 in font cmr10!
Missing character: There is no ^^c2 in font cmr10!
Missing character: There is no ^^8d in font cmr10!
Missing character: There is no ^^c2 in font cmr10!
Missing character: There is no ^^81 in font cmr10!
Missing character: There is no ^^c2 in font cmr10!
Missing character: There is no ^^8e in font cmr10!
Missing character: There is no ^^c2 in font cmr10!
Missing character: There is no ^^a1 in font cmr10!
Missing character: There is no ^^c2 in font cmr10!
Missing character: There is no ^^8d in font cmr10!
Missing character: There is no ^^c2 in font cmr10!
Missing character: There is no ^^81 in font cmr10!
Missing character: There is no ^^c2 in font cmr10!
Missing character: There is no ^^8e in font cmr10!
Missing character: There is no ^^c2 in font cmr10!
Missing character: There is no ^^a1 in font cmr10!
Missing character: There is no ^^c2 in font cmr10!
Missing character: There is no ^^8d in font cmr10!
Missing character: There is no ^^c2 in font cmr10!
Missing character: There is no ^^b2 in font cmr10!
Missing character: There is no ^^c2 in font cmr10!
Missing character: There is no ^^8e in font cmr10!
Missing character: There is no ^^c2 in font cmr10!
Missing character: There is no ^^a1 in font cmr10!
Missing character: There is no ^^c2 in font cmr10!
Missing character: There is no ^^8d in font cmr10!
Missing character: There is no ^^c2 in font cmr10!
Missing character: There is no ^^ba in font cmr10!
Missing character: There is no ^^c2 in font cmr10!
Missing character: There is no ^^81 in font cmr10!
Missing character: There is no ^^c2 in font cmr10!
Missing character: There is no ^^8e in font cmr10!
Missing character: There is no ^^c2 in font cmr10!
Missing character: There is no ^^a1 in font cmr10!
Missing character: There is no ^^c2 in font cmr10!
Missing character: There is no ^^8d in font cmr10!
Missing character: There is no ^^c2 in font cmr10!
Missing character: There is no ^^b2 in font cmr10!
Missing character: There is no ^^c2 in font cmr10!
Missing character: There is no ^^8e in font cmr10!
Missing character: There is no ^^c2 in font cmr10!
Missing character: There is no ^^a1 in font cmr10!
Missing character: There is no ^^c2 in font cmr10!
Missing character: There is no ^^8d in font cmr10!
Missing character: There is no ^^c2 in font cmr10!
Missing character: There is no ^^ba in font cmr10!
Missing character: There is no ^^c2 in font cmr10!
Missing character: There is no ^^81 in font cmr10!
Missing character: There is no ^^c2 in font cmr10!
Missing character: There is no ^^8e in font cmr10!
Missing character: There is no ^^c2 in font cmr10!
Missing character: There is no ^^a1 in font cmr10!
Missing character: There is no ^^c2 in font cmr10!
Missing character: There is no ^^8d in font cmr10!
Missing character: There is no ^^c2 in font cmr10!
Missing character: There is no ^^b2 in font cmr10!
! Text line contains an invalid character.
l.7 ...^^81"/^^c2^^8e^^c2^^a1^^c2^^8d^^c2^^b2R6^^K
                                                  ^^c2^^8e^^c2^^a6^^c2^^8d^^...
A funny symbol that I can't read has just been input.
Continue, and I'll forget that it ever happened.

Missing character: There is no ^^c2 in font cmr10!
Missing character: There is no ^^8e in font cmr10!
Missing character: There is no ^^c2 in font cmr10!
Missing character: There is no ^^a6 in font cmr10!
Missing character: There is no ^^c2 in font cmr10!
Missing character: There is no ^^8d in font cmr10!
Missing character: There is no ^^c2 in font cmr10!
Missing character: There is no ^^91 in font cmr10!
! Text line contains an invalid character.
l.7 ...^b2R6^^K^^c2^^8e^^c2^^a6^^c2^^8d^^c2^^91^^T
                                                  ^^@^^@cmss12^^c2^^8e^^c2^^...
A funny symbol that I can't read has just been input.
Continue, and I'll forget that it ever happened.

! Text line contains an invalid character.
l.7 ...R6^^K^^c2^^8e^^c2^^a6^^c2^^8d^^c2^^91^^T^^@
                                                  ^^@cmss12^^c2^^8e^^c2^^a1^...
A funny symbol that I can't read has just been input.
Continue, and I'll forget that it ever happened.

! Text line contains an invalid character.
l.7 ...^K^^c2^^8e^^c2^^a6^^c2^^8d^^c2^^91^^T^^@^^@
                                                  cmss12^^c2^^8e^^c2^^a1^^c2...
A funny symbol that I can't read has just been input.
Continue, and I'll forget that it ever happened.

Missing character: There is no ^^c2 in font cmr10!
Missing character: There is no ^^8e in font cmr10!
Missing character: There is no ^^c2 in font cmr10!
Missing character: There is no ^^a1 in font cmr10!
Missing character: There is no ^^c2 in font cmr10!
Missing character: There is no ^^8d in font cmr10!
Missing character: There is no ^^c2 in font cmr10!
Missing character: There is no ^^ba in font cmr10!
Missing character: There is no ^^c2 in font cmr10!
Missing character: There is no ^^81 in font cmr10!
Missing character: There is no ^^c2 in font cmr10!
Missing character: There is no ^^8e in font cmr10!
Missing character: There is no ^^c2 in font cmr10!
Missing character: There is no ^^a1 in font cmr10!
Missing character: There is no ^^c2 in font cmr10!
Missing character: There is no ^^8d in font cmr10!
Missing character: There is no ^^c2 in font cmr10!
Missing character: There is no ^^b2 in font cmr10!
Missing character: There is no ^^c2 in font cmr10!
Missing character: There is no ^^8e in font cmr10!
Missing character: There is no ^^c2 in font cmr10!
Missing character: There is no ^^a1 in font cmr10!
Missing character: There is no ^^c2 in font cmr10!
Missing character: There is no ^^8d in font cmr10!
Missing character: There is no ^^c2 in font cmr10!
Missing character: There is no ^^8e in font cmr10!
Missing character: There is no ^^c2 in font cmr10!
Missing character: There is no ^^a1 in font cmr10!
Missing character: There is no ^^c2 in font cmr10!
Missing character: There is no ^^8d in font cmr10!
Missing character: There is no ^^c2 in font cmr10!
Missing character: There is no ^^ba in font cmr10!
Missing character: There is no ^^c2 in font cmr10!
Missing character: There is no ^^81 in font cmr10!
Missing character: There is no ^^c2 in font cmr10!
Missing character: There is no ^^b2 in font cmr10!
Missing character: There is no ^^c2 in font cmr10!
Missing character: There is no ^^8e in font cmr10!
Missing character: There is no ^^c2 in font cmr10!
Missing character: There is no ^^a6 in font cmr10!
Missing character: There is no ^^c2 in font cmr10!
Missing character: There is no ^^8d in font cmr10!
Missing character: There is no ^^c2 in font cmr10!
Missing character: There is no ^^91 in font cmr10!
! Text line contains an invalid character.
l.7 ...2^^b2)XQ^^c2^^8e^^c2^^a6^^c2^^8d^^c2^^91^^T
                                                  ^^@^^@cmr12^^c2^^8e^^c2^^a...
A funny symbol that I can't read has just been input.
Continue, and I'll forget that it ever happened.

! Text line contains an invalid character.
l.7 ...b2)XQ^^c2^^8e^^c2^^a6^^c2^^8d^^c2^^91^^T^^@
                                                  ^^@cmr12^^c2^^8e^^c2^^a1^^...
A funny symbol that I can't read has just been input.
Continue, and I'll forget that it ever happened.

! Text line contains an invalid character.
l.7 ...XQ^^c2^^8e^^c2^^a6^^c2^^8d^^c2^^91^^T^^@^^@
                                                  cmr12^^c2^^8e^^c2^^a1^^c2^...
A funny symbol that I can't read has just been input.
Continue, and I'll forget that it ever happened.

Missing character: There is no ^^c2 in font cmr10!
Missing character: There is no ^^8e in font cmr10!
Missing character: There is no ^^c2 in font cmr10!
Missing character: There is no ^^a1 in font cmr10!
Missing character: There is no ^^c2 in font cmr10!
Missing character: There is no ^^8d in font cmr10!
Missing character: There is no ^^c2 in font cmr10!
Missing character: There is no ^^ba in font cmr10!
Missing character: There is no ^^c2 in font cmr10!
Missing character: There is no ^^81 in font cmr10!
Missing character: There is no ^^c2 in font cmr10!
Missing character: There is no ^^8e in font cmr10!
Missing character: There is no ^^c2 in font cmr10!
Missing character: There is no ^^a1 in font cmr10!
Missing character: There is no ^^c2 in font cmr10!
Missing character: There is no ^^8d in font cmr10!
Missing character: There is no ^^c2 in font cmr10!
Missing character: There is no ^^b2 in font cmr10!
Missing character: There is no ^^c2 in font cmr10!
Missing character: There is no ^^8e in font cmr10!
Missing character: There is no ^^c2 in font cmr10!
Missing character: There is no ^^a1 in font cmr10!
Missing character: There is no ^^c2 in font cmr10!
Missing character: There is no ^^8d in font cmr10!
Missing character: There is no ^^c2 in font cmr10!
Missing character: There is no ^^8e in font cmr10!
Missing character: There is no ^^c2 in font cmr10!
Missing character: There is no ^^a1 in font cmr10!
Missing character: There is no ^^c2 in font cmr10!
Missing character: There is no ^^8d in font cmr10!
Missing character: There is no ^^c2 in font cmr10!
Missing character: There is no ^^ba in font cmr10!
Missing character: There is no ^^c2 in font cmr10!
Missing character: There is no ^^81 in font cmr10!
Missing character: There is no ^^c2 in font cmr10!
Missing character: There is no ^^8e in font cmr10!
Missing character: There is no ^^c2 in font cmr10!
Missing character: There is no ^^a1 in font cmr10!
Missing character: There is no ^^c2 in font cmr10!
Missing character: There is no ^^8d in font cmr10!
Missing character: There is no ^^c2 in font cmr10!
Missing character: There is no ^^b2 in font cmr10!
Missing character: There is no ^^c2 in font cmr10!
Missing character: There is no ^^8e in font cmr10!
Missing character: There is no ^^c2 in font cmr10!
Missing character: There is no ^^a1 in font cmr10!
Missing character: There is no ^^c2 in font cmr10!
Missing character: There is no ^^8d in font cmr10!
Missing character: There is no ^^c2 in font cmr10!
Missing character: There is no ^^ba in font cmr10!
Missing character: There is no ^^c2 in font cmr10!
Missing character: There is no ^^81 in font cmr10!
Missing character: There is no ^^c2 in font cmr10!
Missing character: There is no ^^8e in font cmr10!
Missing character: There is no ^^c2 in font cmr10!
Missing character: There is no ^^a1 in font cmr10!
Missing character: There is no ^^c2 in font cmr10!
Missing character: There is no ^^8d in font cmr10!
Missing character: There is no ^^c2 in font cmr10!
Missing character: There is no ^^81 in font cmr10!
Missing character: There is no ^^c2 in font cmr10!
Missing character: There is no ^^8e in font cmr10!
Missing character: There is no ^^c2 in font cmr10!
Missing character: There is no ^^a1 in font cmr10!
Missing character: There is no ^^c2 in font cmr10!
Missing character: There is no ^^8d in font cmr10!
Missing character: There is no ^^c2 in font cmr10!
Missing character: There is no ^^b2 in font cmr10!
Missing character: There is no ^^c2 in font cmr10!
Missing character: There is no ^^8e in font cmr10!
Missing character: There is no ^^c2 in font cmr10!
Missing character: There is no ^^a1 in font cmr10!
Missing character: There is no ^^c2 in font cmr10!
Missing character: There is no ^^8d in font cmr10!
Missing character: There is no ^^c2 in font cmr10!
Missing character: There is no ^^8e in font cmr10!
Missing character: There is no ^^c2 in font cmr10!
Missing character: There is no ^^a1 in font cmr10!
Missing character: There is no ^^c2 in font cmr10!
Missing character: There is no ^^8d in font cmr10!
Missing character: There is no ^^c2 in font cmr10!
Missing character: There is no ^^ba in font cmr10!
Missing character: There is no ^^c2 in font cmr10!
Missing character: There is no ^^81 in font cmr10!
Missing character: There is no ^^c2 in font cmr10!
Missing character: There is no ^^8e in font cmr10!
Missing character: There is no ^^c2 in font cmr10!
Missing character: There is no ^^a1 in font cmr10!
Missing character: There is no ^^c2 in font cmr10!
Missing character: There is no ^^8d in font cmr10!
Missing character: There is no ^^c2 in font cmr10!
Missing character: There is no ^^b2 in font cmr10!
Missing character: There is no ^^c2 in font cmr10!
Missing character: There is no ^^8e in font cmr10!
Missing character: There is no ^^c2 in font cmr10!
Missing character: There is no ^^a1 in font cmr10!
Missing character: There is no ^^c2 in font cmr10!
Missing character: There is no ^^8d in font cmr10!
Missing character: There is no ^^c2 in font cmr10!
Missing character: There is no ^^ba in font cmr10!
Missing character: There is no ^^c2 in font cmr10!
Missing character: There is no ^^81 in font cmr10!
Missing character: There is no ^^c2 in font cmr10!
Missing character: There is no ^^8e in font cmr10!
Missing character: There is no ^^c2 in font cmr10!
Missing character: There is no ^^a1 in font cmr10!
Missing character: There is no ^^c2 in font cmr10!
Missing character: There is no ^^8d in font cmr10!
Missing character: There is no ^^c2 in font cmr10!
Missing character: There is no ^^b2 in font cmr10!
Missing character: There is no ^^c2 in font cmr10!
Missing character: There is no ^^8e in font cmr10!
Missing character: There is no ^^c2 in font cmr10!
Missing character: There is no ^^a1 in font cmr10!
Missing character: There is no ^^c2 in font cmr10!
Missing character: There is no ^^8d in font cmr10!
Missing character: There is no ^^c2 in font cmr10!
Missing character: There is no ^^8e in font cmr10!
Missing character: There is no ^^c2 in font cmr10!
Missing character: There is no ^^a1 in font cmr10!
Missing character: There is no ^^c2 in font cmr10!
Missing character: There is no ^^8d in font cmr10!
Missing character: There is no ^^c2 in font cmr10!
Missing character: There is no ^^ba in font cmr10!
Missing character: There is no ^^c2 in font cmr10!
Missing character: There is no ^^81 in font cmr10!
Missing character: There is no ^^c2 in font cmr10!
Missing character: There is no ^^b2 in font cmr10!
Missing character: There is no ^^c2 in font cmr10!
Missing character: There is no ^^8e in font cmr10!
Missing character: There is no ^^c2 in font cmr10!
Missing character: There is no ^^a6 in font cmr10!
Missing character: There is no ^^c2 in font cmr10!
Missing character: There is no ^^8d in font cmr10!
Missing character: There is no ^^c2 in font cmr10!
Missing character: There is no ^^91 in font cmr10!
! Text line contains an invalid character.
l.7 ...2^^b2!",^^c2^^8e^^c2^^a6^^c2^^8d^^c2^^91^^T
                                                  ^^@^^@cmsy10^^c2^^8e^^c2^^...
A funny symbol that I can't read has just been input.
Continue, and I'll forget that it ever happened.

! Text line contains an invalid character.
l.7 ...b2!",^^c2^^8e^^c2^^a6^^c2^^8d^^c2^^91^^T^^@
                                                  ^^@cmsy10^^c2^^8e^^c2^^a1^...
A funny symbol that I can't read has just been input.
Continue, and I'll forget that it ever happened.

! Text line contains an invalid character.
l.7 ...",^^c2^^8e^^c2^^a6^^c2^^8d^^c2^^91^^T^^@^^@
                                                  cmsy10^^c2^^8e^^c2^^a1^^c2...
A funny symbol that I can't read has just been input.
Continue, and I'll forget that it ever happened.

Missing character: There is no ^^c2 in font cmr10!
Missing character: There is no ^^8e in font cmr10!
Missing character: There is no ^^c2 in font cmr10!
Missing character: There is no ^^a1 in font cmr10!
Missing character: There is no ^^c2 in font cmr10!
Missing character: There is no ^^8d in font cmr10!
Missing character: There is no ^^c2 in font cmr10!
Missing character: There is no ^^ba in font cmr10!
Missing character: There is no ^^c2 in font cmr10!
Missing character: There is no ^^81 in font cmr10!
Missing character: There is no ^^c2 in font cmr10!
Missing character: There is no ^^8e in font cmr10!
Missing character: There is no ^^c2 in font cmr10!
Missing character: There is no ^^a1 in font cmr10!
Missing character: There is no ^^c2 in font cmr10!
Missing character: There is no ^^8d in font cmr10!
Missing character: There is no ^^c2 in font cmr10!
Missing character: There is no ^^b2 in font cmr10!
Missing character: There is no ^^c2 in font cmr10!
Missing character: There is no ^^8e in font cmr10!
Missing character: There is no ^^c2 in font cmr10!
Missing character: There is no ^^a1 in font cmr10!
Missing character: There is no ^^c2 in font cmr10!
Missing character: There is no ^^8d in font cmr10!
Missing character: There is no ^^c2 in font cmr10!
Missing character: There is no ^^ba in font cmr10!
Missing character: There is no ^^c2 in font cmr10!
Missing character: There is no ^^81 in font cmr10!
Missing character: There is no ^^c2 in font cmr10!
Missing character: There is no ^^8e in font cmr10!
Missing character: There is no ^^c2 in font cmr10!
Missing character: There is no ^^8e in font cmr10!
Missing character: There is no ^^c2 in font cmr10!
Missing character: There is no ^^8e in font cmr10!
Missing character: There is no ^^c2 in font cmr10!
Missing character: There is no ^^8c in font cmr10!
Missing character: There is no ^^c3 in font cmr10!
Missing character: There is no ^^b8 in font cmr10!
! Text line contains an invalid character.
l.7 ...^^c2^^8e^^c2^^8e^^c2^^8e^^c2^^8c^^c3^^b8^^@
                                                  ^^@^^@*^^A^^c2^^83^^c2^^92...
A funny symbol that I can't read has just been input.
Continue, and I'll forget that it ever happened.

! Text line contains an invalid character.
l.7 ...2^^8e^^c2^^8e^^c2^^8e^^c2^^8c^^c3^^b8^^@^^@
                                                  ^^@*^^A^^c2^^83^^c2^^92^^c...
A funny symbol that I can't read has just been input.
Continue, and I'll forget that it ever happened.

! Text line contains an invalid character.
l.7 ...8e^^c2^^8e^^c2^^8e^^c2^^8c^^c3^^b8^^@^^@^^@
                                                  *^^A^^c2^^83^^c2^^92^^c3^^...
A funny symbol that I can't read has just been input.
Continue, and I'll forget that it ever happened.

! Text line contains an invalid character.
l.7 ...c2^^8e^^c2^^8e^^c2^^8c^^c3^^b8^^@^^@^^@*^^A
                                                  ^^c2^^83^^c2^^92^^c3^^80^^...
A funny symbol that I can't read has just been input.
Continue, and I'll forget that it ever happened.

Missing character: There is no ^^c2 in font cmr10!
Missing character: There is no ^^83 in font cmr10!
Missing character: There is no ^^c2 in font cmr10!
Missing character: There is no ^^92 in font cmr10!
Missing character: There is no ^^c3 in font cmr10!
Missing character: There is no ^^80 in font cmr10!
! Text line contains an invalid character.
l.7 ...^b8^^@^^@^^@*^^A^^c2^^83^^c2^^92^^c3^^80^^\
                                                  ;^^@^^@^^@^^@^^C^^c3^^a8^^...
A funny symbol that I can't read has just been input.
Continue, and I'll forget that it ever happened.

! Text line contains an invalid character.
l.7 ...^@^^@^^@*^^A^^c2^^83^^c2^^92^^c3^^80^^\;^^@
                                                  ^^@^^@^^@^^C^^c3^^a8^^C^^c...
A funny symbol that I can't read has just been input.
Continue, and I'll forget that it ever happened.

! Text line contains an invalid character.
l.7 ...^@^^@*^^A^^c2^^83^^c2^^92^^c3^^80^^\;^^@^^@
                                                  ^^@^^@^^C^^c3^^a8^^C^^c3^^...
A funny symbol that I can't read has just been input.
Continue, and I'll forget that it ever happened.

! Text line contains an invalid character.
l.7 ...^@*^^A^^c2^^83^^c2^^92^^c3^^80^^\;^^@^^@^^@
                                                  ^^@^^C^^c3^^a8^^C^^c3^^a8^...
A funny symbol that I can't read has just been input.
Continue, and I'll forget that it ever happened.

! Text line contains an invalid character.
l.7 ...^^A^^c2^^83^^c2^^92^^c3^^80^^\;^^@^^@^^@^^@
                                                  ^^C^^c3^^a8^^C^^c3^^a8^^@^...
A funny symbol that I can't read has just been input.
Continue, and I'll forget that it ever happened.

! Text line contains an invalid character.
l.7 ...^^c2^^83^^c2^^92^^c3^^80^^\;^^@^^@^^@^^@^^C
                                                  ^^c3^^a8^^C^^c3^^a8^^@^^@^...
A funny symbol that I can't read has just been input.
Continue, and I'll forget that it ever happened.

Missing character: There is no ^^c3 in font cmr10!
Missing character: There is no ^^a8 in font cmr10!
! Text line contains an invalid character.
l.7 ...2^^92^^c3^^80^^\;^^@^^@^^@^^@^^C^^c3^^a8^^C
                                                  ^^c3^^a8^^@^^@^^_^^c3^^bf^...
A funny symbol that I can't read has just been input.
Continue, and I'll forget that it ever happened.

Missing character: There is no ^^c3 in font cmr10!
Missing character: There is no ^^a8 in font cmr10!
! Text line contains an invalid character.
l.7 ...80^^\;^^@^^@^^@^^@^^C^^c3^^a8^^C^^c3^^a8^^@
                                                  ^^@^^_^^c3^^bf^^c3^^bf^^c3...
A funny symbol that I can't read has just been input.
Continue, and I'll forget that it ever happened.

! Text line contains an invalid character.
l.7 ...^\;^^@^^@^^@^^@^^C^^c3^^a8^^C^^c3^^a8^^@^^@
                                                  ^^_^^c3^^bf^^c3^^bf^^c3^^b...
A funny symbol that I can't read has just been input.
Continue, and I'll forget that it ever happened.

! Text line contains an invalid character.
l.7 ...^^@^^@^^@^^@^^C^^c3^^a8^^C^^c3^^a8^^@^^@^^_
                                                  ^^c3^^bf^^c3^^bf^^c3^^bf^^...
A funny symbol that I can't read has just been input.
Continue, and I'll forget that it ever happened.

Missing character: There is no ^^c3 in font cmr10!
Missing character: There is no ^^bf in font cmr10!
Missing character: There is no ^^c3 in font cmr10!
Missing character: There is no ^^bf in font cmr10!
Missing character: There is no ^^c3 in font cmr10!
Missing character: There is no ^^bf in font cmr10!
! Text line contains an invalid character.
l.7 ...^c3^^a8^^@^^@^^_^^c3^^bf^^c3^^bf^^c3^^bf^^@
                                                  ^^C^^@^^A^^c3^^b3^^O^^c3^^...
A funny symbol that I can't read has just been input.
Continue, and I'll forget that it ever happened.

! Text line contains an invalid character.
l.7 ...^^a8^^@^^@^^_^^c3^^bf^^c3^^bf^^c3^^bf^^@^^C
                                                  ^^@^^A^^c3^^b3^^O^^c3^^a9^...
A funny symbol that I can't read has just been input.
Continue, and I'll forget that it ever happened.

! Text line contains an invalid character.
l.7 ...8^^@^^@^^_^^c3^^bf^^c3^^bf^^c3^^bf^^@^^C^^@
                                                  ^^A^^c3^^b3^^O^^c3^^a9^^c2...
A funny symbol that I can't read has just been input.
Continue, and I'll forget that it ever happened.

! Text line contains an invalid character.
l.7 ...@^^@^^_^^c3^^bf^^c3^^bf^^c3^^bf^^@^^C^^@^^A
                                                  ^^c3^^b3^^O^^c3^^a9^^c2^^9...
A funny symbol that I can't read has just been input.
Continue, and I'll forget that it ever happened.

Missing character: There is no ^^c3 in font cmr10!
Missing character: There is no ^^b3 in font cmr10!
! Text line contains an invalid character.
l.7 ...^^bf^^c3^^bf^^c3^^bf^^@^^C^^@^^A^^c3^^b3^^O
                                                  ^^c3^^a9^^c2^^9f^^c3^^90^^...
A funny symbol that I can't read has just been input.
Continue, and I'll forget that it ever happened.

Missing character: There is no ^^c3 in font cmr10!
Missing character: There is no ^^a9 in font cmr10!
Missing character: There is no ^^c2 in font cmr10!
Missing character: There is no ^^9f in font cmr10!
Missing character: There is no ^^c3 in font cmr10!
Missing character: There is no ^^90 in font cmr10!
Missing character: There is no ^^c3 in font cmr10!
Missing character: There is no ^^b6 in font cmr10!
! Text line contains an invalid character.
l.7 ...3^^b3^^O^^c3^^a9^^c2^^9f^^c3^^90^^c3^^b6^^@
                                                  
A funny symbol that I can't read has just been input.
Continue, and I'll forget that it ever happened.

! Text line contains an invalid character.
l.8 ^^@
       ^^@^^@
A funny symbol that I can't read has just been input.
Continue, and I'll forget that it ever happened.

! Text line contains an invalid character.
l.8 ^^@^^@
          ^^@
A funny symbol that I can't read has just been input.
Continue, and I'll forget that it ever happened.

! Text line contains an invalid character.
l.8 ^^@^^@^^@
             
A funny symbol that I can't read has just been input.
Continue, and I'll forget that it ever happened.


Overfull \hbox (98.6113pt too wide) in paragraph at lines 6--8
[]\OT1/cmr/m/n/10 min10"/T*eXout-
 []


Overfull \hbox (308.59807pt too wide) in paragraph at lines 6--8
\OT1/cmr/m/n/10 put2015.08.30:0705A"V"<"/hp""jis''EEDLBg7uF;It7t?75,d"/D"/"/tG-

 []


Overfull \hbox (245.11171pt too wide) in paragraph at lines 6--8
\OT1/cmr/m/n/10 Gcmr17"/HP'':n@.7W2h|")XQccmr12"/2015"/(0jisG/
 []


Overfull \hbox (219.7506pt too wide) in paragraph at lines 6--8
\OT1/cmr/m/n/10 F"/87n"/30F|<"/"/7"/R6cmss12"/1"/"/6jisg"/:;
 []


Overfull \hbox (5.04013pt too wide) in paragraph at lines 6--8
\JY1/mc/m/n/10 ¨
 []


Overfull \hbox (703.79347pt too wide) in paragraph at lines 6--8
\OT1/cmr/m/n/10 k"/!",cmsy10(jisIt3h>R2pO!;XF3?XM=DjI=It0w>R2p;n9g7k2L3hF0Iw7Ju
:"/"/"K"/`ycmr101*;"/A"/""/E"/7"/R6cmss12"/6jisg"/)XQcmr12"/(0jis"/D"/"/tG-
 []


Overfull \hbox (166.09766pt too wide) in paragraph at lines 6--8
\OT1/cmr/m/n/10 Gcmr17"/jis"/(jis"/!",cmsy10"/K"/*; 
 []

! Text line contains an invalid character.
l.9 ^^@
       ^^@^^@^^Emin10^^c3^^b3^^GK^^c3^^b1`y^^@
A funny symbol that I can't read has just been input.
Continue, and I'll forget that it ever happened.

! Text line contains an invalid character.
l.9 ^^@^^@
          ^^@^^Emin10^^c3^^b3^^GK^^c3^^b1`y^^@
A funny symbol that I can't read has just been input.
Continue, and I'll forget that it ever happened.

! Text line contains an invalid character.
l.9 ^^@^^@^^@
             ^^Emin10^^c3^^b3^^GK^^c3^^b1`y^^@
A funny symbol that I can't read has just been input.
Continue, and I'll forget that it ever happened.

! Text line contains an invalid character.
l.9 ^^@^^@^^@^^E
                min10^^c3^^b3^^GK^^c3^^b1`y^^@
A funny symbol that I can't read has just been input.
Continue, and I'll forget that it ever happened.


! LaTeX Error: Missing \begin{document}.

See the LaTeX manual or LaTeX Companion for explanation.
Type  H <return>  for immediate help.
 ...                                              
                                                  
l.9 ^^@^^@^^@^^Em
                 in10^^c3^^b3^^GK^^c3^^b1`y^^@
You're in trouble here.  Try typing  <return>  to proceed.
If that doesn't work, type  X <return>  to quit.

Missing character: There is no ^^c3 in font cmr10!
Missing character: There is no ^^b3 in font cmr10!
! Text line contains an invalid character.
l.9 ^^@^^@^^@^^Emin10^^c3^^b3^^G
                                K^^c3^^b1`y^^@
A funny symbol that I can't read has just been input.
Continue, and I'll forget that it ever happened.

Missing character: There is no ^^c3 in font cmr10!
Missing character: There is no ^^b1 in font cmr10!
! Text line contains an invalid character.
l.9 ^^@^^@^^@^^Emin10^^c3^^b3^^GK^^c3^^b1`y^^@
                                              
A funny symbol that I can't read has just been input.
Continue, and I'll forget that it ever happened.

! Text line contains an invalid character.
l.10 ^^@
        ^^@^^@
A funny symbol that I can't read has just been input.
Continue, and I'll forget that it ever happened.

! Text line contains an invalid character.
l.10 ^^@^^@
           ^^@
A funny symbol that I can't read has just been input.
Continue, and I'll forget that it ever happened.

! Text line contains an invalid character.
l.10 ^^@^^@^^@
              
A funny symbol that I can't read has just been input.
Continue, and I'll forget that it ever happened.


Overfull \hbox (62.50014pt too wide) in paragraph at lines 9--10
[]\OT1/cmr/m/n/10 min10K`y 
 []

! Text line contains an invalid character.
l.11 ^^@
        ^^@^^@^^Ecmr10^^c3^^b9^^@^^@^^C´^^B^^c3^^9f^^c3^^9f^^c3^^9f^^c3^^9f...
A funny symbol that I can't read has just been input.
Continue, and I'll forget that it ever happened.

! Text line contains an invalid character.
l.11 ^^@^^@
           ^^@^^Ecmr10^^c3^^b9^^@^^@^^C´^^B^^c3^^9f^^c3^^9f^^c3^^9f^^c3^^9f...
A funny symbol that I can't read has just been input.
Continue, and I'll forget that it ever happened.

! Text line contains an invalid character.
l.11 ^^@^^@^^@
              ^^Ecmr10^^c3^^b9^^@^^@^^C´^^B^^c3^^9f^^c3^^9f^^c3^^9f^^c3^^9f...
A funny symbol that I can't read has just been input.
Continue, and I'll forget that it ever happened.

! Text line contains an invalid character.
l.11 ^^@^^@^^@^^E
                 cmr10^^c3^^b9^^@^^@^^C´^^B^^c3^^9f^^c3^^9f^^c3^^9f^^c3^^9f...
A funny symbol that I can't read has just been input.
Continue, and I'll forget that it ever happened.


! LaTeX Error: Missing \begin{document}.

See the LaTeX manual or LaTeX Companion for explanation.
Type  H <return>  for immediate help.
 ...                                              
                                                  
l.11 ^^@^^@^^@^^Ec
                  mr10^^c3^^b9^^@^^@^^C´^^B^^c3^^9f^^c3^^9f^^c3^^9f^^c3^^9f...

You're in trouble here.  Try typing  <return>  to proceed.
If that doesn't work, type  X <return>  to quit.

Missing character: There is no ^^c3 in font cmr10!
Missing character: There is no ^^b9 in font cmr10!
! Text line contains an invalid character.
l.11 ^^@^^@^^@^^Ecmr10^^c3^^b9^^@
                                 ^^@^^C´^^B^^c3^^9f^^c3^^9f^^c3^^9f^^c3^^9f...
A funny symbol that I can't read has just been input.
Continue, and I'll forget that it ever happened.

! Text line contains an invalid character.
l.11 ^^@^^@^^@^^Ecmr10^^c3^^b9^^@^^@
                                    ^^C´^^B^^c3^^9f^^c3^^9f^^c3^^9f^^c3^^9f...
A funny symbol that I can't read has just been input.
Continue, and I'll forget that it ever happened.

! Text line contains an invalid character.
l.11 ^^@^^@^^@^^Ecmr10^^c3^^b9^^@^^@^^C
                                       ´^^B^^c3^^9f^^c3^^9f^^c3^^9f^^c3^^9f...
A funny symbol that I can't read has just been input.
Continue, and I'll forget that it ever happened.

! Text line contains an invalid character.
l.11 ^^@^^@^^@^^Ecmr10^^c3^^b9^^@^^@^^C´^^B
                                            ^^c3^^9f^^c3^^9f^^c3^^9f^^c3^^9f...
A funny symbol that I can't read has just been input.
Continue, and I'll forget that it ever happened.

Missing character: There is no ^^c3 in font cmr10!
Missing character: There is no ^^9f in font cmr10!
Missing character: There is no ^^c3 in font cmr10!
Missing character: There is no ^^9f in font cmr10!
Missing character: There is no ^^c3 in font cmr10!
Missing character: There is no ^^9f in font cmr10!
Missing character: There is no ^^c3 in font cmr10!
Missing character: There is no ^^9f in font cmr10!
Missing character: There is no ^^c3 in font cmr10!
Missing character: There is no ^^9f in font cmr10!
Missing character: There is no ^^c3 in font cmr10!
Missing character: There is no ^^9f in font cmr10!
Missing character: There is no ^^c3 in font cmr10!
Missing character: There is no ^^9f in font cmr10!
)
! Emergency stop.
<*> README.dvi
              
*** (job aborted, no legal \end found)

 
Here is how much of TeX's memory you used:
 4 strings out of 493799
 38 string characters out of 6156124
 53206 words of memory out of 5000000
 3571 multiletter control sequences out of 15000+600000
 7519 words of font info for 31 fonts, out of 8000000 for 9000
 929 hyphenation exceptions out of 8191
 5i,0n,4p,2666b,16s stack positions out of 5000i,500n,10000p,200000b,80000s
No pages of output.
